> instance 1 created.
> instance 2 created.
> instance 3 created.
> instance 4 created.
> instance 5 created.
> instance 6 created.
> instance 7 created.
> instance 8 created.
> instance 9 created.
> instance 10 created.
> instance 11 created.
> instance 12 created.
> instance 13 created.
> instance 14 created.
> instance 15 created.
> instance 16 created.
> instance 17 created.
> instance 18 created.
> instance 19 created.
> instance 20 created.
> instance 21 created.
> instance 22 created.
> instance 23 created.
> instance 24 created.
> instance 25 created.
> instance 26 created.
> instance 27 created.
Profile 'myProfile1'> element: no =  1, t =     8.50
   L........:      188.500 mm
   A........:     1602.250 mm^2
   S........:  -113359.188        0.000 mm^3
   I........:  8020162.516        0.000        0.000 mm^4
> node: no =  1, x =     -94.25, y =     -70.75
> node: no =  2, x =      94.25, y =     -70.75
> element: no =  2, t =    11.50
   L........:       70.750 mm
   A........:      813.625 mm^2
   S........:   -28781.984   -76684.156 mm^3
   I........:  1357550.263  7227481.727  2712702.027 mm^4
> node: no =  1, x =     -94.25, y =     -70.75
> node: no =  3, x =     -94.25, y =       0.00
> element: no =  3, t =    11.50
   L........:       70.750 mm
   A........:      813.625 mm^2
   S........:   -28781.984    76684.156 mm^3
   I........:  1357550.263  7227481.727 -2712702.027 mm^4
> node: no =  2, x =      94.25, y =     -70.75
> node: no =  4, x =      94.25, y =       0.00
> element: no =  4, t =     4.00
   L........:       96.000 mm
   A........:      384.000 mm^2
   S........:      768.000   -53184.000 mm^3
   I........:     1536.000  7365984.000  -106368.000 mm^4
> node: no =  5, x =     -90.50, y =       2.00
> node: no =  7, x =    -186.50, y =       2.00
> element: no =  5, t =     4.00
   L........:       96.000 mm
   A........:      384.000 mm^2
   S........:      768.000    53184.000 mm^3
   I........:     1536.000  7365984.000   106368.000 mm^4
> node: no =  6, x =      90.50, y =       2.00
> node: no =  8, x =     186.50, y =       2.00
> element: no =  6, t =     4.00
   L........:       96.000 mm
   A........:      384.000 mm^2
   S........:    19200.000   -34752.000 mm^3
   I........:  1254912.000  3145056.000 -1737600.000 mm^4
> node: no =  5, x =     -90.50, y =       2.00
> node: no = 11, x =     -90.50, y =      98.00
> element: no =  7, t =     4.00
   L........:       96.000 mm
   A........:      384.000 mm^2
   S........:    19200.000    34752.000 mm^3
   I........:  1254912.000  3145056.000  1737600.000 mm^4
> node: no =  6, x =      90.50, y =       2.00
> node: no = 12, x =      90.50, y =      98.00
> element: no =  8, t =     4.00
   L........:       96.000 mm
   A........:      384.000 mm^2
   S........:    19200.000   -71616.000 mm^3
   I........:  1254912.000 13356384.000 -3580800.000 mm^4
> node: no =  7, x =    -186.50, y =       2.00
> node: no =  9, x =    -186.50, y =      98.00
> element: no =  9, t =     4.00
   L........:       96.000 mm
   A........:      384.000 mm^2
   S........:    19200.000    71616.000 mm^3
   I........:  1254912.000 13356384.000  3580800.000 mm^4
> node: no =  8, x =     186.50, y =       2.00
> node: no = 10, x =     186.50, y =      98.00
> element: no = 10, t =     4.00
   L........:       96.000 mm
   A........:      384.000 mm^2
   S........:    37632.000   -53184.000 mm^3
   I........:  3687936.000  7365984.000 -5212032.000 mm^4
> node: no =  9, x =    -186.50, y =      98.00
> node: no = 11, x =     -90.50, y =      98.00
> element: no = 11, t =     4.00
   L........:       96.000 mm
   A........:      384.000 mm^2
   S........:    37632.000    53184.000 mm^3
   I........:  3687936.000  7365984.000  5212032.000 mm^4
> node: no = 12, x =      90.50, y =      98.00
> node: no = 10, x =     186.50, y =      98.00
> element: no = 12, t =     4.00
   L........:      177.000 mm
   A........:      708.000 mm^2
   S........:    69384.000        0.000 mm^3
   I........:  6799632.000        0.000        0.000 mm^4
> node: no = 13, x =     -88.50, y =      98.00
> node: no = 14, x =      88.50, y =      98.00
Resulting profile data:
  Area ....................:        70.09 cm^2
  Static moments ..........:        52.06         0.00 cm^3
  Excentricity ............:         0.00         0.74 cm
  MoI in center coord. ....:      2954.68      7692.18         0.00 cm^4
  MoI principle values ....:      7692.18      2954.68         0.00 cm^4
  Rotation angle ..........:        90.00 deg
